android/build/intermediates/manifest_merge_blame_file/debug/manifest-merger-blame-debug-report.txt
1<?xml version="1.0" encoding="utf-8"?>
2<manifest xmlns:android="http://schemas.android.com/apk/res/android"
3    package="io.invertase.firebase.messaging"
4    android:versionCode="8000001"
5    android:versionName="8.0.1" >
6
7    <uses-sdk
8        android:minSdkVersion="21"
8-->src/main/AndroidManifest.xml
9        android:targetSdkVersion="29" />
9-->src/main/AndroidManifest.xml
10
11    <uses-permission android:name="android.permission.INTERNET" />
11-->src/main/AndroidManifest.xml:5:3-64
11-->src/main/AndroidManifest.xml:5:20-62
12    <uses-permission android:name="android.permission.WAKE_LOCK" />
12-->src/main/AndroidManifest.xml:6:3-65
12-->src/main/AndroidManifest.xml:6:20-63
13    <uses-permission android:name="android.permission.ACCESS_NETWORK_STATE" />
13-->src/main/AndroidManifest.xml:7:3-76
13-->src/main/AndroidManifest.xml:7:20-74
14
15    <application>
15-->src/main/AndroidManifest.xml:9:3-35:17
16        <service android:name="io.invertase.firebase.messaging.ReactNativeFirebaseMessagingHeadlessService" />
16-->src/main/AndroidManifest.xml:10:5-76
16-->src/main/AndroidManifest.xml:10:14-73
17        <service
17-->src/main/AndroidManifest.xml:11:5-16:15
18            android:name="io.invertase.firebase.messaging.ReactNativeFirebaseMessagingService"
18-->src/main/AndroidManifest.xml:11:14-65
19            android:exported="false" >
19-->src/main/AndroidManifest.xml:12:14-38
20            <intent-filter>
20-->src/main/AndroidManifest.xml:13:7-15:23
21                <action android:name="com.google.firebase.MESSAGING_EVENT" />
21-->src/main/AndroidManifest.xml:14:9-69
21-->src/main/AndroidManifest.xml:14:17-67
22            </intent-filter>
23        </service>
24
25        <receiver
25-->src/main/AndroidManifest.xml:17:5-24:16
26            android:name="io.invertase.firebase.messaging.ReactNativeFirebaseMessagingReceiver"
26-->src/main/AndroidManifest.xml:18:7-59
27            android:exported="true"
27-->src/main/AndroidManifest.xml:19:7-30
28            android:permission="com.google.android.c2dm.permission.SEND" >
28-->src/main/AndroidManifest.xml:20:7-67
29            <intent-filter>
29-->src/main/AndroidManifest.xml:21:7-23:23
30                <action android:name="com.google.android.c2dm.intent.RECEIVE" />
30-->src/main/AndroidManifest.xml:22:9-73
30-->src/main/AndroidManifest.xml:22:17-70
31            </intent-filter>
32        </receiver>
33
34        <meta-data
35            android:name="firebase_messaging_auto_init_enabled"
35-->src/main/AndroidManifest.xml:27:7-58
36            android:value="true" />
36-->src/main/AndroidManifest.xml:28:7-53
37        <meta-data
38            android:name="com.google.firebase.messaging.default_notification_channel_id"
38-->src/main/AndroidManifest.xml:30:7-83
39            android:value="" />
39-->src/main/AndroidManifest.xml:31:7-59
40        <meta-data
41            android:name="com.google.firebase.messaging.default_notification_color"
41-->src/main/AndroidManifest.xml:33:7-78
42            android:resource="@color/white" />
42-->src/main/AndroidManifest.xml:34:7-58
43    </application>
44
45</manifest>